<?xml version="1.0" encoding="UTF-8"?>
<!-- Generated by org.testng.reporters.JUnitXMLReporter -->
<testsuite ignored="0" hostname="DeepikaPC" failures="1" tests="1" name="Test" time="13.332" errors="0" timestamp="2024-09-29T09:37:43 PDT">
  <testcase classname="com.companyname.productname.modulename.testcases.RegisterNewUser" name="registerNewUser" time="0.07">
    <failure type="java.lang.AssertionError" message="expected [] but found [Automation Exercise]">
      <![CDATA[java.lang.AssertionError: expected [] but found [Automation Exercise]
at com.companyname.productname.modulename.utilities.CommonMethods.verifyPageTitle(CommonMethods.java:87)
at com.companyname.productname.modulename.testcases.RegisterNewUser.registerNewUser(RegisterNewUser.java:18)
at java.base/java.util.ArrayList.forEach(ArrayList.java:1596)
... Removed 31 stack frames]]>
    </failure>
  </testcase> <!-- registerNewUser -->
</testsuite> <!-- Test -->
