<?xml version="1.0" encoding="UTF-8"?>
<testng-results ignored="0" total="1" passed="0" failed="1" skipped="0">
  <reporter-output>
  </reporter-output>
  <suite started-at="2024-09-29T09:37:30 PDT" name="Suite" finished-at="2024-09-29T09:37:43 PDT" duration-ms="13332">
    <groups>
    </groups>
    <test started-at="2024-09-29T09:37:30 PDT" name="Test" finished-at="2024-09-29T09:37:43 PDT" duration-ms="13332">
      <class name="com.companyname.productname.modulename.testcases.RegisterNewUser">
        <test-method is-config="true" signature="loadProertiesFiles()[pri:0, instance:com.companyname.productname.modulename.testcases.RegisterNewUser@5e2c3d18]" started-at="2024-09-29T09:37:27 PDT" name="loadProertiesFiles" finished-at="2024-09-29T09:37:30 PDT" duration-ms="2532" status="PASS">
          <reporter-output>
          </reporter-output>
        </test-method> <!-- loadProertiesFiles -->
        <test-method is-config="true" signature="atabandwindows_TestNG()[pri:0, instance:com.companyname.productname.modulename.testcases.RegisterNewUser@5e2c3d18]" started-at="2024-09-29T09:37:30 PDT" name="atabandwindows_TestNG" finished-at="2024-09-29T09:37:42 PDT" duration-ms="12169" status="PASS">
          <reporter-output>
          </reporter-output>
        </test-method> <!-- atabandwindows_TestNG -->
        <test-method signature="registerNewUser()[pri:0, instance:com.companyname.productname.modulename.testcases.RegisterNewUser@5e2c3d18]" started-at="2024-09-29T09:37:42 PDT" name="registerNewUser" finished-at="2024-09-29T09:37:42 PDT" duration-ms="70" status="FAIL">
          <exception class="java.lang.AssertionError">
            <message>
              <![CDATA[expected [] but found [Automation Exercise]]]>
            </message>
            <full-stacktrace>
              <![CDATA[java.lang.AssertionError: expected [] but found [Automation Exercise]
at org.testng.Assert.fail(Assert.java:111)
at org.testng.Assert.failNotEquals(Assert.java:1578)
at org.testng.Assert.assertEqualsImpl(Assert.java:150)
at org.testng.Assert.assertEquals(Assert.java:132)
at org.testng.Assert.assertEquals(Assert.java:656)
at org.testng.Assert.assertEquals(Assert.java:666)
at com.companyname.productname.modulename.utilities.CommonMethods.verifyPageTitle(CommonMethods.java:87)
at com.companyname.productname.modulename.testcases.RegisterNewUser.registerNewUser(RegisterNewUser.java:18)
at java.base/jdk.internal.reflect.DirectMethodHandleAccessor.invoke(DirectMethodHandleAccessor.java:103)
at java.base/java.lang.reflect.Method.invoke(Method.java:580)
at org.testng.internal.invokers.MethodInvocationHelper.invokeMethod(MethodInvocationHelper.java:141)
at org.testng.internal.invokers.TestInvoker.invokeMethod(TestInvoker.java:686)
at org.testng.internal.invokers.TestInvoker.invokeTestMethod(TestInvoker.java:230)
at org.testng.internal.invokers.MethodRunner.runInSequence(MethodRunner.java:63)
at org.testng.internal.invokers.TestInvoker$MethodInvocationAgent.invoke(TestInvoker.java:992)
at org.testng.internal.invokers.TestInvoker.invokeTestMethods(TestInvoker.java:203)
at org.testng.internal.invokers.TestMethodWorker.invokeTestMethods(TestMethodWorker.java:154)
at org.testng.internal.invokers.TestMethodWorker.run(TestMethodWorker.java:134)
at java.base/java.util.ArrayList.forEach(ArrayList.java:1596)
at org.testng.TestRunner.privateRun(TestRunner.java:739)
at org.testng.TestRunner.run(TestRunner.java:614)
at org.testng.SuiteRunner.runTest(SuiteRunner.java:421)
at org.testng.SuiteRunner.runSequentially(SuiteRunner.java:413)
at org.testng.SuiteRunner.privateRun(SuiteRunner.java:373)
at org.testng.SuiteRunner.run(SuiteRunner.java:312)
at org.testng.SuiteRunnerWorker.runSuite(SuiteRunnerWorker.java:52)
at org.testng.SuiteRunnerWorker.run(SuiteRunnerWorker.java:95)
at org.testng.TestNG.runSuitesSequentially(TestNG.java:1274)
at org.testng.TestNG.runSuitesLocally(TestNG.java:1208)
at org.testng.TestNG.runSuites(TestNG.java:1112)
at org.testng.TestNG.run(TestNG.java:1079)
at org.testng.remote.AbstractRemoteTestNG.run(AbstractRemoteTestNG.java:115)
at org.testng.remote.RemoteTestNG.initAndRun(RemoteTestNG.java:293)
at org.testng.remote.RemoteTestNG.main(RemoteTestNG.java:91)
]]>
            </full-stacktrace>
          </exception> <!-- java.lang.AssertionError -->
          <reporter-output>
          </reporter-output>
        </test-method> <!-- registerNewUser -->
        <test-method is-config="true" signature="tearDown()[pri:0, instance:com.companyname.productname.modulename.testcases.RegisterNewUser@5e2c3d18]" started-at="2024-09-29T09:37:42 PDT" name="tearDown" finished-at="2024-09-29T09:37:43 PDT" duration-ms="648" status="PASS">
          <reporter-output>
          </reporter-output>
        </test-method> <!-- tearDown -->
        <test-method is-config="true" signature="generateReport()[pri:0, instance:com.companyname.productname.modulename.testcases.RegisterNewUser@5e2c3d18]" started-at="2024-09-29T09:37:43 PDT" name="generateReport" finished-at="2024-09-29T09:37:44 PDT" duration-ms="705" status="PASS">
          <reporter-output>
          </reporter-output>
        </test-method> <!-- generateReport -->
      </class> <!-- com.companyname.productname.modulename.testcases.RegisterNewUser -->
    </test> <!-- Test -->
  </suite> <!-- Suite -->
</testng-results>
