<?xml version="1.0" encoding="UTF-8"?>
<!-- Generated by org.testng.reporters.JUnitReportReporter -->
<testsuite hostname="DeepikaPC" failures="0" tests="1" name="com.companyname.productname.modulename.testcases.TabAndWindows_TestNG_ConfigFiles3" time="20.843" errors="1" timestamp="03 Sep 2024 06:18:44 GMT" skipped="0">
  <testcase classname="com.companyname.productname.modulename.testcases.TabAndWindows_TestNG_ConfigFiles3" name="clickURLs_3" time="20.843">
    <error message="Cannot invoke &quot;java.util.Properties.getProperty(String)&quot; because &quot;com.companyname.productname.modulename.testcases.TabAndWindows_TestNG_ConfigFiles3.or&quot; is null" type="java.lang.NullPointerException">
      <![CDATA[java.lang.NullPointerException: Cannot invoke "java.util.Properties.getProperty(String)" because "com.companyname.productname.modulename.testcases.TabAndWindows_TestNG_ConfigFiles3.or" is null
at com.companyname.productname.modulename.testcases.TabAndWindows_TestNG_ConfigFiles3.clickURLs_3(TabAndWindows_TestNG_ConfigFiles3.java:31)
at java.base/jdk.internal.reflect.DirectMethodHandleAccessor.invoke(DirectMethodHandleAccessor.java:103)
at java.base/java.lang.reflect.Method.invoke(Method.java:580)
at org.testng.internal.MethodInvocationHelper.invokeMethod(MethodInvocationHelper.java:124)
at org.testng.internal.Invoker.invokeMethod(Invoker.java:583)
at org.testng.internal.Invoker.invokeTestMethod(Invoker.java:719)
at org.testng.internal.Invoker.invokeTestMethods(Invoker.java:989)
at org.testng.internal.TestMethodWorker.invokeTestMethods(TestMethodWorker.java:125)
at org.testng.internal.TestMethodWorker.run(TestMethodWorker.java:109)
at org.testng.TestRunner.privateRun(TestRunner.java:648)
at org.testng.TestRunner.run(TestRunner.java:505)
at org.testng.SuiteRunner.runTest(SuiteRunner.java:455)
at org.testng.SuiteRunner.runSequentially(SuiteRunner.java:450)
at org.testng.SuiteRunner.privateRun(SuiteRunner.java:415)
at org.testng.SuiteRunner.run(SuiteRunner.java:364)
at org.testng.SuiteRunnerWorker.runSuite(SuiteRunnerWorker.java:52)
at org.testng.SuiteRunnerWorker.run(SuiteRunnerWorker.java:84)
at org.testng.TestNG.runSuitesSequentially(TestNG.java:1208)
at org.testng.TestNG.runSuitesLocally(TestNG.java:1137)
at org.testng.TestNG.runSuites(TestNG.java:1049)
at org.testng.TestNG.run(TestNG.java:1017)
at org.testng.remote.AbstractRemoteTestNG.run(AbstractRemoteTestNG.java:115)
at org.testng.remote.RemoteTestNG.initAndRun(RemoteTestNG.java:293)
at org.testng.remote.RemoteTestNG.main(RemoteTestNG.java:91)
]]>
    </error>
  </testcase> <!-- clickURLs_3 -->
</testsuite> <!-- com.companyname.productname.modulename.testcases.TabAndWindows_TestNG_ConfigFiles3 -->
